# JRE version: OpenJDK Runtime Environment Corretto-11.0.15.9.1 (11.0.15+9) (build 11.0.15+9-LTS)
# Java VM: OpenJDK 64-Bit Server VM Corretto-11.0.15.9.1 (11.0.15+9-LTS, mixed mode, tiered, compressed oops, g1 gc, windows-amd64)
Heap:
 garbage-first heap   total 262144K, used 86812K [0x00000000e0000000, 0x0000000100000000)
  region size 1024K, 38 young (38912K), 7 survivors (7168K)
 Metaspace       used 33285K, capacity 34316K, committed 34560K, reserved 284672K
  class space    used 4459K, capacity 4796K, committed 4864K, reserved 253952K
GC Heap History (8 events):
Event: 1.602 GC heap before
{Heap before GC invocations=0 (full 0):
 garbage-first heap   total 262144K, used 29696K [0x00000000e0000000, 0x0000000100000000)
  region size 1024K, 24 young (24576K), 0 survivors (0K)
 Metaspace       used 10064K, capacity 10334K, committed 10624K, reserved 264192K
  class space    used 1023K, capacity 1104K, committed 1152K, reserved 253952K
}
Event: 1.619 GC heap after
{Heap after GC invocations=1 (full 0):
 garbage-first heap   total 262144K, used 9305K [0x00000000e0000000, 0x0000000100000000)
  region size 1024K, 3 young (3072K), 3 survivors (3072K)
 Metaspace       used 10064K, capacity 10334K, committed 10624K, reserved 264192K
  class space    used 1023K, capacity 1104K, committed 1152K, reserved 253952K
}
Event: 6.799 GC heap before
{Heap before GC invocations=1 (full 0):
 garbage-first heap   total 262144K, used 106585K [0x00000000e0000000, 0x0000000100000000)
  region size 1024K, 98 young (100352K), 3 survivors (3072K)
 Metaspace       used 20703K, capacity 21161K, committed 21296K, reserved 274432K
  class space    used 2506K, capacity 2663K, committed 2688K, reserved 253952K
}
Event: 6.813 GC heap after
{Heap after GC invocations=2 (full 0):
 garbage-first heap   total 262144K, used 17340K [0x00000000e0000000, 0x0000000100000000)
  region size 1024K, 11 young (11264K), 11 survivors (11264K)
 Metaspace       used 20703K, capacity 21161K, committed 21296K, reserved 274432K
  class space    used 2506K, capacity 2663K, committed 2688K, reserved 253952K
}
Event: 7.101 GC heap before
{Heap before GC invocations=3 (full 0):
 garbage-first heap   total 262144K, used 37820K [0x00000000e0000000, 0x0000000100000000)
  region size 1024K, 31 young (31744K), 11 survivors (11264K)
 Metaspace       used 22704K, capacity 23252K, committed 23420K, reserved 274432K
  class space    used 2847K, capacity 3047K, committed 3072K, reserved 253952K
}
Event: 7.109 GC heap after
{Heap after GC invocations=4 (full 0):
 garbage-first heap   total 262144K, used 17822K [0x00000000e0000000, 0x0000000100000000)
  region size 1024K, 1 young (1024K), 1 survivors (1024K)
 Metaspace       used 22704K, capacity 23252K, committed 23420K, reserved 274432K
  class space    used 2847K, capacity 3047K, committed 3072K, reserved 253952K
}
Event: 9.489 GC heap before
{Heap before GC invocations=4 (full 0):
 garbage-first heap   total 262144K, used 131486K [0x00000000e0000000, 0x0000000100000000)
  region size 1024K, 80 young (81920K), 1 survivors (1024K)
 Metaspace       used 30156K, capacity 31092K, committed 31232K, reserved 282624K
  class space    used 3975K, capacity 4276K, committed 4352K, reserved 253952K
}
Event: 9.493 GC heap after
{Heap after GC invocations=5 (full 0):
 garbage-first heap   total 262144K, used 56092K [0x00000000e0000000, 0x0000000100000000)
  region size 1024K, 7 young (7168K), 7 survivors (7168K)
 Metaspace       used 30156K, capacity 31092K, committed 31232K, reserved 282624K
  class space    used 3975K, capacity 4276K, committed 4352K, reserved 253952K
}

